--- Log Start (EliteWolf) ---
Arguments: ['/Users/alicecheng/Documents/Documents - Alice’s MacBook Air/Harvard/CS2620/tetris/peer/peer.py', '--port', '50052', '--peers', 'localhost:50051', 'localhost:50052', 'localhost:50053']
Initial CWD: /Users/alicecheng/Documents/Documents - Alice’s MacBook Air/Harvard/CS2620/tetris
Player Name: EliteWolf
Listen Port: 50052
Peer List: ['localhost:50051', 'localhost:50052', 'localhost:50053']
Debug Mode: False
[LOBBY] Starting curses wrapper...
[DEBUG] P2P server listening on [::]:50052
[ERROR] _recv_thread for localhost:50053 crashed: <_MultiThreadedRendezvous of RPC that terminated with:
	status = StatusCode.UNAVAILABLE
	details = "failed to connect to all addresses; last error: UNKNOWN: ipv4:127.0.0.1:50053: Failed to connect to remote host: connect: Connection refused (61)"
	debug_error_string = "UNKNOWN:Error received from peer  {created_time:"2025-05-04T15:16:49.335107-04:00", grpc_status:14, grpc_message:"failed to connect to all addresses; last error: UNKNOWN: ipv4:127.0.0.1:50053: Failed to connect to remote host: connect: Connection refused (61)"}"
>
[ERROR] inbound reader for ipv6:%5B::1%5D:52633 crashed: 
[ERROR] _recv_thread for localhost:50053 crashed: <_MultiThreadedRendezvous of RPC that terminated with:
	status = StatusCode.UNAVAILABLE
	details = "Socket closed"
	debug_error_string = "UNKNOWN:Error received from peer ipv6:%5B::1%5D:50053 {created_time:"2025-05-04T15:18:19.115663-04:00", grpc_status:14, grpc_message:"Socket closed"}"
>
--- Log End (EliteWolf) ---
